{"numFailedTestSuites":0,"numFailedTests":0,"numPassedTestSuites":17,"numPassedTests":46,"numPendingTestSuites":0,"numPendingTests":0,"numRuntimeErrorTestSuites":0,"numTodoTests":0,"numTotalTestSuites":17,"numTotalTests":46,"openHandles":[],"snapshot":{"added":0,"didUpdate":false,"failure":false,"filesAdded":0,"filesRemoved":0,"filesRemovedList":[],"filesUnmatched":0,"filesUpdated":0,"matched":10,"total":10,"unchecked":0,"uncheckedKeysByFile":[],"unmatched":0,"updated":0},"startTime":1767825965344,"success":true,"testResults":[{"assertionResults":[{"ancestorTitles":["<NotFoundTemplate />","Render"],"duration":152,"failing":false,"failureDetails":[],"failureMessages":[],"fullName":"<NotFoundTemplate /> Render must match regular","invocations":1,"location":null,"numPassingAsserts":1,"retryReasons":[],"startAt":1767825978090,"status":"passed","title":"must match regular"}],"endTime":1767825978254,"message":"","name":"/Users/mts/PapillonBitsHub/pathfinder/packages/core/src/pattern/template/NotFoundTemplate/__tests__/NotFoundTemplate.int.test.js","startTime":1767825965910,"status":"passed","summary":""},{"assertionResults":[{"ancestorTitles":["<NotFoundPage />","Render"],"duration":101,"failing":false,"failureDetails":[],"failureMessages":[],"fullName":"<NotFoundPage /> Render must match async","invocations":1,"location":null,"numPassingAsserts":1,"retryReasons":[],"startAt":1767825978158,"status":"passed","title":"must match async"},{"ancestorTitles":["<NotFoundPage />","Render"],"duration":88,"failing":false,"failureDetails":[],"failureMessages":[],"fullName":"<NotFoundPage /> Render must match regular","invocations":1,"location":null,"numPassingAsserts":1,"retryReasons":[],"startAt":1767825978260,"status":"passed","title":"must match regular"}],"endTime":1767825978350,"message":"","name":"/Users/mts/PapillonBitsHub/pathfinder/packages/core/src/pattern/page/NotFoundPage/__tests__/NotFoundPage.int.test.js","startTime":1767825965827,"status":"passed","summary":""},{"assertionResults":[{"ancestorTitles":["client","setAppDefaultState()"],"duration":595,"failing":false,"failureDetails":[],"failureMessages":[],"fullName":"client setAppDefaultState() must set app state","invocations":1,"location":null,"numPassingAsserts":1,"retryReasons":[],"startAt":1767825980088,"status":"passed","title":"must set app state"}],"endTime":1767825980684,"message":"","name":"/Users/mts/PapillonBitsHub/pathfinder/packages/core/src/store/__tests__/client.test.js","startTime":1767825978450,"status":"passed","summary":""},{"assertionResults":[{"ancestorTitles":["index","appRootRoute"],"duration":10,"failing":false,"failureDetails":[],"failureMessages":[],"fullName":"index appRootRoute must return app root route object","invocations":1,"location":null,"numPassingAsserts":1,"retryReasons":[],"startAt":1767825981298,"status":"passed","title":"must return app root route object"},{"ancestorTitles":["index","listGnomePageRoute"],"duration":0,"failing":false,"failureDetails":[],"failureMessages":[],"fullName":"index listGnomePageRoute must return list gnome page route object","invocations":1,"location":null,"numPassingAsserts":1,"retryReasons":[],"startAt":1767825981308,"status":"passed","title":"must return list gnome page route object"},{"ancestorTitles":["index","infoGnomePageRoute"],"duration":1,"failing":false,"failureDetails":[],"failureMessages":[],"fullName":"index infoGnomePageRoute must return info gnome page route object","invocations":1,"location":null,"numPassingAsserts":1,"retryReasons":[],"startAt":1767825981308,"status":"passed","title":"must return info gnome page route object"},{"ancestorTitles":["index","notFoundPageRoute"],"duration":12,"failing":false,"failureDetails":[],"failureMessages":[],"fullName":"index notFoundPageRoute must return not found page route object","invocations":1,"location":null,"numPassingAsserts":1,"retryReasons":[],"startAt":1767825981309,"status":"passed","title":"must return not found page route object"}],"endTime":1767825981322,"message":"","name":"/Users/mts/PapillonBitsHub/pathfinder/packages/core/src/route/__tests__/index.test.js","startTime":1767825978311,"status":"passed","summary":""},{"assertionResults":[{"ancestorTitles":["actionCreators","context","navigation","contextSetNavigationAction()"],"duration":2,"failing":false,"failureDetails":[],"failureMessages":[],"fullName":"actionCreators context navigation contextSetNavigationAction() must return action with given payload","invocations":1,"location":null,"numPassingAsserts":1,"retryReasons":[],"startAt":1767825981852,"status":"passed","title":"must return action with given payload"},{"ancestorTitles":["actionCreators","context","progress","contextSetProgressAction()"],"duration":1,"failing":false,"failureDetails":[],"failureMessages":[],"fullName":"actionCreators context progress contextSetProgressAction() must return action with given payload","invocations":1,"location":null,"numPassingAsserts":1,"retryReasons":[],"startAt":1767825981854,"status":"passed","title":"must return action with given payload"},{"ancestorTitles":["actionCreators","ui","listGnomes","uiSetListGnomesEditAction()"],"duration":1,"failing":false,"failureDetails":[],"failureMessages":[],"fullName":"actionCreators ui listGnomes uiSetListGnomesEditAction() must return action with given payload","invocations":1,"location":null,"numPassingAsserts":1,"retryReasons":[],"startAt":1767825981855,"status":"passed","title":"must return action with given payload"},{"ancestorTitles":["actionCreators","ui","listGnomes","uiSetListGnomesSortAction()"],"duration":1,"failing":false,"failureDetails":[],"failureMessages":[],"fullName":"actionCreators ui listGnomes uiSetListGnomesSortAction() must return action with given payload","invocations":1,"location":null,"numPassingAsserts":1,"retryReasons":[],"startAt":1767825981856,"status":"passed","title":"must return action with given payload"},{"ancestorTitles":["actionCreators","ui","listGnomes","uiSetListGnomesSearchAction()"],"duration":2,"failing":false,"failureDetails":[],"failureMessages":[],"fullName":"actionCreators ui listGnomes uiSetListGnomesSearchAction() must return action with given payload","invocations":1,"location":null,"numPassingAsserts":1,"retryReasons":[],"startAt":1767825981858,"status":"passed","title":"must return action with given payload"},{"ancestorTitles":["actionCreators","ui","listGnomes","uiSetListGnomesPaginationAction()"],"duration":3,"failing":false,"failureDetails":[],"failureMessages":[],"fullName":"actionCreators ui listGnomes uiSetListGnomesPaginationAction() must return action with given payload","invocations":1,"location":null,"numPassingAsserts":1,"retryReasons":[],"startAt":1767825981860,"status":"passed","title":"must return action with given payload"},{"ancestorTitles":["actionCreators","ui","listGnomes","uiSetListGnomesAction()"],"duration":1,"failing":false,"failureDetails":[],"failureMessages":[],"fullName":"actionCreators ui listGnomes uiSetListGnomesAction() must return action with given payload","invocations":1,"location":null,"numPassingAsserts":1,"retryReasons":[],"startAt":1767825981863,"status":"passed","title":"must return action with given payload"}],"endTime":1767825981865,"message":"","name":"/Users/mts/PapillonBitsHub/pathfinder/packages/core/src/store/action/__tests__/actionCreators.test.js","startTime":1767825980782,"status":"passed","summary":""},{"assertionResults":[{"ancestorTitles":["index","hosts and indicators"],"duration":2,"failing":false,"failureDetails":[],"failureMessages":[],"fullName":"index hosts and indicators must return all hosts and indicators","invocations":1,"location":null,"numPassingAsserts":3,"retryReasons":[],"startAt":1767825982804,"status":"passed","title":"must return all hosts and indicators"},{"ancestorTitles":["index","currentHost"],"duration":4,"failing":false,"failureDetails":[],"failureMessages":[],"fullName":"index currentHost must equal localhost when running on localhost","invocations":1,"location":null,"numPassingAsserts":1,"retryReasons":[],"startAt":1767825982806,"status":"passed","title":"must equal localhost when running on localhost"},{"ancestorTitles":["index","currentHost"],"duration":2,"failing":false,"failureDetails":[],"failureMessages":[],"fullName":"index currentHost must equal elsewhere host when running elsewhere","invocations":1,"location":null,"numPassingAsserts":1,"retryReasons":[],"startAt":1767825982810,"status":"passed","title":"must equal elsewhere host when running elsewhere"},{"ancestorTitles":["index","isRunningOnLocalHost"],"duration":1,"failing":false,"failureDetails":[],"failureMessages":[],"fullName":"index isRunningOnLocalHost must be truthy when running on localhost","invocations":1,"location":null,"numPassingAsserts":1,"retryReasons":[],"startAt":1767825982813,"status":"passed","title":"must be truthy when running on localhost"},{"ancestorTitles":["index","isRunningOnLocalHost"],"duration":1,"failing":false,"failureDetails":[],"failureMessages":[],"fullName":"index isRunningOnLocalHost must be falsy when running elsewhere","invocations":1,"location":null,"numPassingAsserts":1,"retryReasons":[],"startAt":1767825982815,"status":"passed","title":"must be falsy when running elsewhere"}],"endTime":1767825982817,"message":"","name":"/Users/mts/PapillonBitsHub/pathfinder/packages/core/src/library/environment/host/__tests__/index.test.js","startTime":1767825981363,"status":"passed","summary":""},{"assertionResults":[{"ancestorTitles":["index","useBindActionCreators()"],"duration":2,"failing":false,"failureDetails":[],"failureMessages":[],"fullName":"index useBindActionCreators() must return all bound actions and thunks","invocations":1,"location":null,"numPassingAsserts":1,"retryReasons":[],"startAt":1767825983278,"status":"passed","title":"must return all bound actions and thunks"}],"endTime":1767825983280,"message":"","name":"/Users/mts/PapillonBitsHub/pathfinder/packages/core/src/store/dispatch/__tests__/index.test.js","startTime":1767825981897,"status":"passed","summary":""},{"assertionResults":[{"ancestorTitles":["index","setMiddlewares()"],"duration":2,"failing":false,"failureDetails":[],"failureMessages":[],"fullName":"index setMiddlewares() must have thunk and logger middleware when running on localhost","invocations":1,"location":null,"numPassingAsserts":2,"retryReasons":[],"startAt":1767825984153,"status":"passed","title":"must have thunk and logger middleware when running on localhost"},{"ancestorTitles":["index","setMiddlewares()"],"duration":1,"failing":false,"failureDetails":[],"failureMessages":[],"fullName":"index setMiddlewares() must only have thunk middleware when not running on localhost","invocations":1,"location":null,"numPassingAsserts":2,"retryReasons":[],"startAt":1767825984155,"status":"passed","title":"must only have thunk middleware when not running on localhost"}],"endTime":1767825984156,"message":"","name":"/Users/mts/PapillonBitsHub/pathfinder/packages/core/src/store/__tests__/base.test.js","startTime":1767825982846,"status":"passed","summary":""},{"assertionResults":[{"ancestorTitles":["path","appRootPath"],"duration":2,"failing":false,"failureDetails":[],"failureMessages":[],"fullName":"path appRootPath must return path with base url when process.env.BASE_URL is present","invocations":1,"location":null,"numPassingAsserts":1,"retryReasons":[],"startAt":1767825984460,"status":"passed","title":"must return path with base url when process.env.BASE_URL is present"},{"ancestorTitles":["path","appRootPath"],"duration":1,"failing":false,"failureDetails":[],"failureMessages":[],"fullName":"path appRootPath must return path without base url when process.env.BASE_URL is absent","invocations":1,"location":null,"numPassingAsserts":1,"retryReasons":[],"startAt":1767825984462,"status":"passed","title":"must return path without base url when process.env.BASE_URL is absent"},{"ancestorTitles":["path","listGnomePagePath"],"duration":1,"failing":false,"failureDetails":[],"failureMessages":[],"fullName":"path listGnomePagePath must return path with base url when process.env.BASE_URL is present","invocations":1,"location":null,"numPassingAsserts":1,"retryReasons":[],"startAt":1767825984463,"status":"passed","title":"must return path with base url when process.env.BASE_URL is present"},{"ancestorTitles":["path","listGnomePagePath"],"duration":1,"failing":false,"failureDetails":[],"failureMessages":[],"fullName":"path listGnomePagePath must return path without base url when process.env.BASE_URL is absent","invocations":1,"location":null,"numPassingAsserts":1,"retryReasons":[],"startAt":1767825984464,"status":"passed","title":"must return path without base url when process.env.BASE_URL is absent"},{"ancestorTitles":["path","infoGnomePagePath"],"duration":1,"failing":false,"failureDetails":[],"failureMessages":[],"fullName":"path infoGnomePagePath must return path with base url when process.env.BASE_URL is present","invocations":1,"location":null,"numPassingAsserts":1,"retryReasons":[],"startAt":1767825984466,"status":"passed","title":"must return path with base url when process.env.BASE_URL is present"},{"ancestorTitles":["path","infoGnomePagePath"],"duration":1,"failing":false,"failureDetails":[],"failureMessages":[],"fullName":"path infoGnomePagePath must return path without base url when process.env.BASE_URL is absent","invocations":1,"location":null,"numPassingAsserts":1,"retryReasons":[],"startAt":1767825984467,"status":"passed","title":"must return path without base url when process.env.BASE_URL is absent"}],"endTime":1767825984469,"message":"","name":"/Users/mts/PapillonBitsHub/pathfinder/packages/core/src/route/__tests__/path.test.js","startTime":1767825983348,"status":"passed","summary":""},{"assertionResults":[{"ancestorTitles":["actionTypes"],"duration":2,"failing":false,"failureDetails":[],"failureMessages":[],"fullName":"actionTypes must return all action types","invocations":1,"location":null,"numPassingAsserts":7,"retryReasons":[],"startAt":1767825985578,"status":"passed","title":"must return all action types"}],"endTime":1767825985580,"message":"","name":"/Users/mts/PapillonBitsHub/pathfinder/packages/core/src/store/action/__tests__/actionTypes.test.js","startTime":1767825984203,"status":"passed","summary":""},{"assertionResults":[{"ancestorTitles":["index"],"duration":2,"failing":false,"failureDetails":[],"failureMessages":[],"fullName":"index must return all constants","invocations":1,"location":null,"numPassingAsserts":7,"retryReasons":[],"startAt":1767825986013,"status":"passed","title":"must return all constants"}],"endTime":1767825986016,"message":"","name":"/Users/mts/PapillonBitsHub/pathfinder/packages/core/src/library/constant/__tests__/index.test.js","startTime":1767825984476,"status":"passed","summary":""},{"assertionResults":[{"ancestorTitles":["<InfoGnomeTemplate />","Render"],"duration":234,"failing":false,"failureDetails":[],"failureMessages":[],"fullName":"<InfoGnomeTemplate /> Render must match regular()","invocations":1,"location":null,"numPassingAsserts":1,"retryReasons":[],"startAt":1767825986441,"status":"passed","title":"must match regular()"}],"endTime":1767825986678,"message":"","name":"/Users/mts/PapillonBitsHub/pathfinder/packages/core/src/pattern/template/InfoGnomeTemplate/__tests__/InfoGnomeTemplate.int.test.js","startTime":1767825965919,"status":"passed","summary":""},{"assertionResults":[{"ancestorTitles":["isNumericInput","when value is numeric"],"duration":1,"failing":false,"failureDetails":[],"failureMessages":[],"fullName":"isNumericInput when value is numeric should return true for digits with regular key","invocations":1,"location":null,"numPassingAsserts":1,"retryReasons":[],"startAt":1767825986919,"status":"passed","title":"should return true for digits with regular key"},{"ancestorTitles":["isNumericInput","when value is numeric"],"duration":2,"failing":false,"failureDetails":[],"failureMessages":[],"fullName":"isNumericInput when value is numeric should return true for empty string with regular key","invocations":1,"location":null,"numPassingAsserts":1,"retryReasons":[],"startAt":1767825986920,"status":"passed","title":"should return true for empty string with regular key"},{"ancestorTitles":["isNumericInput","when value is numeric"],"duration":0,"failing":false,"failureDetails":[],"failureMessages":[],"fullName":"isNumericInput when value is numeric should return false when key is Backspace","invocations":1,"location":null,"numPassingAsserts":1,"retryReasons":[],"startAt":1767825986922,"status":"passed","title":"should return false when key is Backspace"},{"ancestorTitles":["isNumericInput","when value is numeric"],"duration":1,"failing":false,"failureDetails":[],"failureMessages":[],"fullName":"isNumericInput when value is numeric should return false when key is Delete","invocations":1,"location":null,"numPassingAsserts":1,"retryReasons":[],"startAt":1767825986922,"status":"passed","title":"should return false when key is Delete"},{"ancestorTitles":["isNumericInput","when value is non-numeric"],"duration":1,"failing":false,"failureDetails":[],"failureMessages":[],"fullName":"isNumericInput when value is non-numeric should return false for alphabetic characters","invocations":1,"location":null,"numPassingAsserts":1,"retryReasons":[],"startAt":1767825986923,"status":"passed","title":"should return false for alphabetic characters"},{"ancestorTitles":["isNumericInput","when value is non-numeric"],"duration":0,"failing":false,"failureDetails":[],"failureMessages":[],"fullName":"isNumericInput when value is non-numeric should return false for mixed alphanumeric","invocations":1,"location":null,"numPassingAsserts":1,"retryReasons":[],"startAt":1767825986924,"status":"passed","title":"should return false for mixed alphanumeric"},{"ancestorTitles":["isNumericInput","when value is non-numeric"],"duration":0,"failing":false,"failureDetails":[],"failureMessages":[],"fullName":"isNumericInput when value is non-numeric should return false for special characters","invocations":1,"location":null,"numPassingAsserts":1,"retryReasons":[],"startAt":1767825986924,"status":"passed","title":"should return false for special characters"},{"ancestorTitles":["isNumericInput","when value is non-numeric"],"duration":1,"failing":false,"failureDetails":[],"failureMessages":[],"fullName":"isNumericInput when value is non-numeric should return false for spaces","invocations":1,"location":null,"numPassingAsserts":1,"retryReasons":[],"startAt":1767825986924,"status":"passed","title":"should return false for spaces"}],"endTime":1767825986925,"message":"","name":"/Users/mts/PapillonBitsHub/pathfinder/packages/core/src/library/__tests__/index.test.js","startTime":1767825985679,"status":"passed","summary":""},{"assertionResults":[{"ancestorTitles":["<Navigator />","Render"],"duration":113,"failing":false,"failureDetails":[],"failureMessages":[],"fullName":"<Navigator /> Render must match regular","invocations":1,"location":null,"numPassingAsserts":1,"retryReasons":[],"startAt":1767825986900,"status":"passed","title":"must match regular"}],"endTime":1767825987015,"message":"","name":"/Users/mts/PapillonBitsHub/pathfinder/packages/core/src/pattern/molecule/Navigator/__tests__/Navigator.int.test.js","startTime":1767825965907,"status":"passed","summary":""},{"assertionResults":[{"ancestorTitles":["<InfoGnomePage />","Render"],"duration":125,"failing":false,"failureDetails":[],"failureMessages":[],"fullName":"<InfoGnomePage /> Render must match async()","invocations":1,"location":null,"numPassingAsserts":1,"retryReasons":[],"startAt":1767825986854,"status":"passed","title":"must match async()"},{"ancestorTitles":["<InfoGnomePage />","Render"],"duration":63,"failing":false,"failureDetails":[],"failureMessages":[],"fullName":"<InfoGnomePage /> Render must match regular()","invocations":1,"location":null,"numPassingAsserts":1,"retryReasons":[],"startAt":1767825986980,"status":"passed","title":"must match regular()"}],"endTime":1767825987044,"message":"","name":"/Users/mts/PapillonBitsHub/pathfinder/packages/core/src/pattern/page/InfoGnomePage/__tests__/InfoGnomePage.int.test.js","startTime":1767825965827,"status":"passed","summary":""},{"assertionResults":[{"ancestorTitles":["<ListGnomeTemplate />","Render"],"duration":516,"failing":false,"failureDetails":[],"failureMessages":[],"fullName":"<ListGnomeTemplate /> Render must match regular()","invocations":1,"location":null,"numPassingAsserts":1,"retryReasons":[],"startAt":1767825986662,"status":"passed","title":"must match regular()"}],"endTime":1767825987181,"message":"","name":"/Users/mts/PapillonBitsHub/pathfinder/packages/core/src/pattern/template/ListGnomeTemplate/__tests__/ListGnomeTemplate.int.test.js","startTime":1767825965916,"status":"passed","summary":""},{"assertionResults":[{"ancestorTitles":["<ListGnomePage />","Render"],"duration":171,"failing":false,"failureDetails":[],"failureMessages":[],"fullName":"<ListGnomePage /> Render must match async()","invocations":1,"location":null,"numPassingAsserts":1,"retryReasons":[],"startAt":1767825986662,"status":"passed","title":"must match async()"},{"ancestorTitles":["<ListGnomePage />","Render"],"duration":362,"failing":false,"failureDetails":[],"failureMessages":[],"fullName":"<ListGnomePage /> Render must match regular()","invocations":1,"location":null,"numPassingAsserts":1,"retryReasons":[],"startAt":1767825986833,"status":"passed","title":"must match regular()"}],"endTime":1767825987196,"message":"","name":"/Users/mts/PapillonBitsHub/pathfinder/packages/core/src/pattern/page/ListGnomePage/__tests__/ListGnomePage.int.test.js","startTime":1767825965926,"status":"passed","summary":""}],"wasInterrupted":false}
